invalid registration form
/media/iti.png
created a new user successfully with username: reem
couldn't send email message[Errno 111] Connection refused

admin unlocked gabr.
no picunsupported operand type(s) for +: 'WindowsPath' and 'str'
admin removed gabr.
admin demoted gado.
=======
/media/defaultImage.png
created a new user successfully with username: Abdelfattah
couldn't send email message[WinError 10061] No connection could be made because the target machine actively refused it
invalid registration form
invalid registration form
/media/defaultImage.png
created a new user successfully with username: marwaezzatmohamed
couldn't send email message[Errno 111] Connection refused

invalid login form
invalid login form
admin logged in successfully
<<<<<<< HEAD
Abdelfattah logged in successfully
=======
reem logged in successfully
>>>>>>> 29867c05178f9ec2e6b53cc13d0988bda4fa650d
